{"/home/keven/Documentos/newsletter-frontendMentor/src/components/form/Form.tsx": {"path":"/home/keven/Documentos/newsletter-frontendMentor/src/components/form/Form.tsx","statementMap":{"0":{"start":{"line":13,"column":0},"end":{"line":13,"column":24}},"1":{"start":{"line":1,"column":0},"end":{"line":1,"column":49}},"2":{"start":{"line":3,"column":0},"end":{"line":3,"column":48}},"3":{"start":{"line":14,"column":28},"end":{"line":14,"column":40}},"4":{"start":{"line":16,"column":30},"end":{"line":16,"column":57}},"5":{"start":{"line":19,"column":4},"end":{"line":19,"column":64}},"6":{"start":{"line":20,"column":4},"end":{"line":20,"column":27}},"7":{"start":{"line":21,"column":4},"end":{"line":21,"column":20}},"8":{"start":{"line":23,"column":17},"end":{"line":25,"column":6}},"9":{"start":{"line":27,"column":27},"end":{"line":27,"column":41}},"10":{"start":{"line":29,"column":4},"end":{"line":32,"column":5}},"11":{"start":{"line":30,"column":6},"end":{"line":30,"column":32}},"12":{"start":{"line":31,"column":6},"end":{"line":31,"column":13}},"13":{"start":{"line":34,"column":4},"end":{"line":34,"column":17}},"14":{"start":{"line":35,"column":4},"end":{"line":35,"column":16}},"15":{"start":{"line":37,"column":2},"end":{"line":72,"column":4}},"16":{"start":{"line":60,"column":29},"end":{"line":60,"column":53}}},"fnMap":{"0":{"name":"Form","decl":{"start":{"line":13,"column":24},"end":{"line":13,"column":28}},"loc":{"start":{"line":13,"column":53},"end":{"line":73,"column":1}}},"1":{"name":"handleSubmit","decl":{"start":{"line":18,"column":11},"end":{"line":18,"column":23}},"loc":{"start":{"line":18,"column":57},"end":{"line":36,"column":3}}},"2":{"name":"(anonymous_2)","decl":{"start":{"line":60,"column":22},"end":{"line":60,"column":23}},"loc":{"start":{"line":60,"column":29},"end":{"line":60,"column":53}}}},"branchMap":{"0":{"loc":{"start":{"line":29,"column":4},"end":{"line":32,"column":5}},"type":"if","locations":[{"start":{"line":29,"column":4},"end":{"line":32,"column":5}},{"start":{},"end":{}}]},"1":{"loc":{"start":{"line":50,"column":13},"end":{"line":53,"column":null}},"type":"binary-expr","locations":[{"start":{"line":50,"column":13},"end":{"line":50,"column":19}},{"start":{"line":51,"column":14},"end":{"line":52,"column":null}}]},"2":{"loc":{"start":{"line":52,"column":17},"end":{"line":52,"column":56}},"type":"binary-expr","locations":[{"start":{"line":52,"column":17},"end":{"line":52,"column":29}},{"start":{"line":52,"column":33},"end":{"line":52,"column":56}}]},"3":{"loc":{"start":{"line":62,"column":14},"end":{"line":64,"column":null}},"type":"cond-expr","locations":[{"start":{"line":63,"column":18},"end":{"line":63,"column":58}},{"start":{"line":64,"column":18},"end":{"line":64,"column":null}}]}},"s":{"0":1,"1":1,"2":1,"3":17,"4":17,"5":6,"6":6,"7":6,"8":6,"9":6,"10":6,"11":3,"12":3,"13":3,"14":3,"15":17,"16":3},"f":{"0":17,"1":6,"2":3},"b":{"0":[3,3],"1":[17,3],"2":[3,0],"3":[3,14]}}
,"/home/keven/Documentos/newsletter-frontendMentor/src/utils/validate.ts": {"path":"/home/keven/Documentos/newsletter-frontendMentor/src/utils/validate.ts","statementMap":{"0":{"start":{"line":3,"column":0},"end":{"line":3,"column":16}},"1":{"start":{"line":4,"column":23},"end":{"line":4,"column":25}},"2":{"start":{"line":6,"column":2},"end":{"line":10,"column":3}},"3":{"start":{"line":7,"column":4},"end":{"line":7,"column":43}},"4":{"start":{"line":8,"column":9},"end":{"line":10,"column":3}},"5":{"start":{"line":9,"column":4},"end":{"line":9,"column":40}},"6":{"start":{"line":12,"column":2},"end":{"line":12,"column":16}}},"fnMap":{"0":{"name":"validate","decl":{"start":{"line":3,"column":16},"end":{"line":3,"column":24}},"loc":{"start":{"line":3,"column":35},"end":{"line":13,"column":1}}}},"branchMap":{"0":{"loc":{"start":{"line":6,"column":2},"end":{"line":10,"column":3}},"type":"if","locations":[{"start":{"line":6,"column":2},"end":{"line":10,"column":3}},{"start":{"line":8,"column":9},"end":{"line":10,"column":3}}]},"1":{"loc":{"start":{"line":8,"column":9},"end":{"line":10,"column":3}},"type":"if","locations":[{"start":{"line":8,"column":9},"end":{"line":10,"column":3}},{"start":{},"end":{}}]}},"s":{"0":1,"1":6,"2":6,"3":3,"4":3,"5":0,"6":6},"f":{"0":6},"b":{"0":[3,3],"1":[0,3]}}
}
