TN:
SF:src/components/form/Form.tsx
FN:13,Form
FN:18,handleSubmit
FN:60,(anonymous_2)
FNF:3
FNH:3
FNDA:17,Form
FNDA:6,handleSubmit
FNDA:3,(anonymous_2)
DA:1,1
DA:3,1
DA:13,1
DA:14,17
DA:16,17
DA:19,6
DA:20,6
DA:21,6
DA:23,6
DA:27,6
DA:29,6
DA:30,3
DA:31,3
DA:34,3
DA:35,3
DA:37,17
DA:60,3
LF:17
LH:17
BRDA:29,0,0,3
BRDA:29,0,1,3
BRDA:50,1,0,17
BRDA:50,1,1,3
BRDA:52,2,0,3
BRDA:52,2,1,0
BRDA:62,3,0,3
BRDA:62,3,1,14
BRF:8
BRH:7
end_of_record
TN:
SF:src/utils/validate.ts
FN:3,validate
FNF:1
FNH:1
FNDA:6,validate
DA:3,1
DA:4,6
DA:6,6
DA:7,3
DA:8,3
DA:9,0
DA:12,6
LF:7
LH:6
BRDA:6,0,0,3
BRDA:6,0,1,3
BRDA:8,1,0,0
BRDA:8,1,1,3
BRF:4
BRH:3
end_of_record
